[1.685s] DEBUG:colcon:Command line arguments: ['/usr/bin/colcon', 'build']
[1.686s] DEBUG:colcon:Parsed command line arguments: Namespace(ament_cmake_args=None, base_paths=['.'], build_base='build', catkin_cmake_args=None, catkin_skip_building_tests=False, cmake_args=None, cmake_clean_cache=False, cmake_clean_first=False, cmake_force_configure=False, cmake_target=None, cmake_target_skip_unavailable=False, continue_on_error=False, event_handlers=None, executor='parallel', ignore_user_meta=False, install_base='install', log_base=None, log_level=None, main=<bound method BuildVerb.main of <colcon_core.verb.build.BuildVerb object at 0x7f79ed5be0>>, merge_install=False, metas=['./colcon.meta'], packages_above=None, packages_above_and_dependencies=None, packages_above_depth=None, packages_end=None, packages_ignore=None, packages_ignore_regex=None, packages_select=None, packages_select_build_failed=False, packages_select_by_dep=None, packages_select_regex=None, packages_select_test_failures=False, packages_skip=None, packages_skip_build_finished=False, packages_skip_by_dep=None, packages_skip_regex=None, packages_skip_test_passed=False, packages_skip_up_to=None, packages_start=None, packages_up_to=None, packages_up_to_regex=None, parallel_workers=6, paths=None, symlink_install=False, test_result_base=None, verb_extension=<colcon_core.verb.build.BuildVerb object at 0x7f79ed5be0>, verb_name='build', verb_parser=<colcon_defaults.argument_parser.defaults.DefaultArgumentsDecorator object at 0x7f79ed5f28>)
[1.717s] Level 1:colcon.colcon_core.package_discovery:discover_packages(colcon_meta) check parameters
[1.718s] Level 1:colcon.colcon_core.package_discovery:discover_packages(recursive) check parameters
[1.718s] Level 1:colcon.colcon_core.package_discovery:discover_packages(ignore) check parameters
[1.718s] Level 1:colcon.colcon_core.package_discovery:discover_packages(path) check parameters
[1.719s] Level 1:colcon.colcon_core.package_discovery:discover_packages(colcon_meta) discover
[1.720s] Level 1:colcon.colcon_core.package_discovery:discover_packages(recursive) discover
[1.721s] INFO:colcon.colcon_core.package_discovery:Crawling recursively for packages in '/home/reach-004/Documents/UNICORN-ROS2-CONTROLLER'
[1.721s] Level 1:colcon.colcon_core.package_identification:_identify(.) by extensions ['ignore', 'ignore_ament_install']
[1.722s] Level 1:colcon.colcon_core.package_identification:_identify(.) by extension 'ignore'
[1.722s] Level 1:colcon.colcon_core.package_identification:_identify(.) by extension 'ignore_ament_install'
[1.722s] Level 1:colcon.colcon_core.package_identification:_identify(.) by extensions ['colcon_pkg']
[1.722s] Level 1:colcon.colcon_core.package_identification:_identify(.) by extension 'colcon_pkg'
[1.723s] Level 1:colcon.colcon_core.package_identification:_identify(.) by extensions ['colcon_meta']
[1.723s] Level 1:colcon.colcon_core.package_identification:_identify(.) by extension 'colcon_meta'
[1.723s] Level 1:colcon.colcon_core.package_identification:_identify(.) by extensions ['ros']
[1.723s] Level 1:colcon.colcon_core.package_identification:_identify(.) by extension 'ros'
[1.776s] Level 1:colcon.colcon_core.package_identification:_identify(.) by extensions ['cmake', 'python']
[1.777s] Level 1:colcon.colcon_core.package_identification:_identify(.) by extension 'cmake'
[1.777s] Level 1:colcon.colcon_core.package_identification:_identify(.) by extension 'python'
[1.777s] Level 1:colcon.colcon_core.package_identification:_identify(.) by extensions ['python_setup_py']
[1.777s] Level 1:colcon.colcon_core.package_identification:_identify(.) by extension 'python_setup_py'
[1.778s] Level 1:colcon.colcon_core.package_identification:_identify(build) by extensions ['ignore', 'ignore_ament_install']
[1.778s] Level 1:colcon.colcon_core.package_identification:_identify(build) by extension 'ignore'
[1.779s] Level 1:colcon.colcon_core.package_identification:_identify(build) ignored
[1.780s] Level 1:colcon.colcon_core.package_identification:_identify(catkin_ws) by extensions ['ignore', 'ignore_ament_install']
[1.781s] Level 1:colcon.colcon_core.package_identification:_identify(catkin_ws) by extension 'ignore'
[1.781s] Level 1:colcon.colcon_core.package_identification:_identify(catkin_ws) by extension 'ignore_ament_install'
[1.781s] Level 1:colcon.colcon_core.package_identification:_identify(catkin_ws) by extensions ['colcon_pkg']
[1.782s] Level 1:colcon.colcon_core.package_identification:_identify(catkin_ws) by extension 'colcon_pkg'
[1.782s] Level 1:colcon.colcon_core.package_identification:_identify(catkin_ws) by extensions ['colcon_meta']
[1.782s] Level 1:colcon.colcon_core.package_identification:_identify(catkin_ws) by extension 'colcon_meta'
[1.782s] Level 1:colcon.colcon_core.package_identification:_identify(catkin_ws) by extensions ['ros']
[1.782s] Level 1:colcon.colcon_core.package_identification:_identify(catkin_ws) by extension 'ros'
[1.783s] Level 1:colcon.colcon_core.package_identification:_identify(catkin_ws) by extensions ['cmake', 'python']
[1.783s] Level 1:colcon.colcon_core.package_identification:_identify(catkin_ws) by extension 'cmake'
[1.783s] Level 1:colcon.colcon_core.package_identification:_identify(catkin_ws) by extension 'python'
[1.783s] Level 1:colcon.colcon_core.package_identification:_identify(catkin_ws) by extensions ['python_setup_py']
[1.784s] Level 1:colcon.colcon_core.package_identification:_identify(catkin_ws) by extension 'python_setup_py'
[1.784s] Level 1:colcon.colcon_core.package_identification:_identify(catkin_ws/build) by extensions ['ignore', 'ignore_ament_install']
[1.785s] Level 1:colcon.colcon_core.package_identification:_identify(catkin_ws/build) by extension 'ignore'
[1.785s] Level 1:colcon.colcon_core.package_identification:_identify(catkin_ws/build) by extension 'ignore_ament_install'
[1.785s] Level 1:colcon.colcon_core.package_identification:_identify(catkin_ws/build) by extensions ['colcon_pkg']
[1.786s] Level 1:colcon.colcon_core.package_identification:_identify(catkin_ws/build) by extension 'colcon_pkg'
[1.786s] Level 1:colcon.colcon_core.package_identification:_identify(catkin_ws/build) by extensions ['colcon_meta']
[1.786s] Level 1:colcon.colcon_core.package_identification:_identify(catkin_ws/build) by extension 'colcon_meta'
[1.786s] Level 1:colcon.colcon_core.package_identification:_identify(catkin_ws/build) by extensions ['ros']
[1.786s] Level 1:colcon.colcon_core.package_identification:_identify(catkin_ws/build) by extension 'ros'
[1.787s] Level 1:colcon.colcon_core.package_identification:_identify(catkin_ws/build) ignored
[1.787s] Level 1:colcon.colcon_core.package_identification:_identify(catkin_ws/devel) by extensions ['ignore', 'ignore_ament_install']
[1.788s] Level 1:colcon.colcon_core.package_identification:_identify(catkin_ws/devel) by extension 'ignore'
[1.788s] Level 1:colcon.colcon_core.package_identification:_identify(catkin_ws/devel) by extension 'ignore_ament_install'
[1.788s] Level 1:colcon.colcon_core.package_identification:_identify(catkin_ws/devel) ignored
[1.789s] Level 1:colcon.colcon_core.package_identification:_identify(catkin_ws/src) by extensions ['ignore', 'ignore_ament_install']
[1.789s] Level 1:colcon.colcon_core.package_identification:_identify(catkin_ws/src) by extension 'ignore'
[1.789s] Level 1:colcon.colcon_core.package_identification:_identify(catkin_ws/src) by extension 'ignore_ament_install'
[1.790s] Level 1:colcon.colcon_core.package_identification:_identify(catkin_ws/src) by extensions ['colcon_pkg']
[1.790s] Level 1:colcon.colcon_core.package_identification:_identify(catkin_ws/src) by extension 'colcon_pkg'
[1.790s] Level 1:colcon.colcon_core.package_identification:_identify(catkin_ws/src) by extensions ['colcon_meta']
[1.790s] Level 1:colcon.colcon_core.package_identification:_identify(catkin_ws/src) by extension 'colcon_meta'
[1.790s] Level 1:colcon.colcon_core.package_identification:_identify(catkin_ws/src) by extensions ['ros']
[1.791s] Level 1:colcon.colcon_core.package_identification:_identify(catkin_ws/src) by extension 'ros'
[1.791s] Level 1:colcon.colcon_core.package_identification:_identify(catkin_ws/src) by extensions ['cmake', 'python']
[1.791s] Level 1:colcon.colcon_core.package_identification:_identify(catkin_ws/src) by extension 'cmake'
[1.819s] Level 1:colcon.colcon_core.package_identification:_identify(catkin_ws/src) by extension 'python'
[1.820s] DEBUG:colcon.colcon_core.package_identification:Package 'catkin_ws/src' with type 'cmake' and name 'Project'
[1.820s] Level 1:colcon.colcon_core.package_identification:_identify(colcon_ws) by extensions ['ignore', 'ignore_ament_install']
[1.820s] Level 1:colcon.colcon_core.package_identification:_identify(colcon_ws) by extension 'ignore'
[1.821s] Level 1:colcon.colcon_core.package_identification:_identify(colcon_ws) by extension 'ignore_ament_install'
[1.821s] Level 1:colcon.colcon_core.package_identification:_identify(colcon_ws) by extensions ['colcon_pkg']
[1.821s] Level 1:colcon.colcon_core.package_identification:_identify(colcon_ws) by extension 'colcon_pkg'
[1.821s] Level 1:colcon.colcon_core.package_identification:_identify(colcon_ws) by extensions ['colcon_meta']
[1.822s] Level 1:colcon.colcon_core.package_identification:_identify(colcon_ws) by extension 'colcon_meta'
[1.822s] Level 1:colcon.colcon_core.package_identification:_identify(colcon_ws) by extensions ['ros']
[1.822s] Level 1:colcon.colcon_core.package_identification:_identify(colcon_ws) by extension 'ros'
[1.823s] Level 1:colcon.colcon_core.package_identification:_identify(colcon_ws) by extensions ['cmake', 'python']
[1.823s] Level 1:colcon.colcon_core.package_identification:_identify(colcon_ws) by extension 'cmake'
[1.823s] Level 1:colcon.colcon_core.package_identification:_identify(colcon_ws) by extension 'python'
[1.823s] Level 1:colcon.colcon_core.package_identification:_identify(colcon_ws) by extensions ['python_setup_py']
[1.823s] Level 1:colcon.colcon_core.package_identification:_identify(colcon_ws) by extension 'python_setup_py'
[1.824s] Level 1:colcon.colcon_core.package_identification:_identify(colcon_ws/build) by extensions ['ignore', 'ignore_ament_install']
[1.825s] Level 1:colcon.colcon_core.package_identification:_identify(colcon_ws/build) by extension 'ignore'
[1.825s] Level 1:colcon.colcon_core.package_identification:_identify(colcon_ws/build) ignored
[1.825s] Level 1:colcon.colcon_core.package_identification:_identify(colcon_ws/install) by extensions ['ignore', 'ignore_ament_install']
[1.826s] Level 1:colcon.colcon_core.package_identification:_identify(colcon_ws/install) by extension 'ignore'
[1.826s] Level 1:colcon.colcon_core.package_identification:_identify(colcon_ws/install) ignored
[1.827s] Level 1:colcon.colcon_core.package_identification:_identify(colcon_ws/log) by extensions ['ignore', 'ignore_ament_install']
[1.827s] Level 1:colcon.colcon_core.package_identification:_identify(colcon_ws/log) by extension 'ignore'
[1.827s] Level 1:colcon.colcon_core.package_identification:_identify(colcon_ws/log) ignored
[1.828s] Level 1:colcon.colcon_core.package_identification:_identify(colcon_ws/src) by extensions ['ignore', 'ignore_ament_install']
[1.828s] Level 1:colcon.colcon_core.package_identification:_identify(colcon_ws/src) by extension 'ignore'
[1.829s] Level 1:colcon.colcon_core.package_identification:_identify(colcon_ws/src) by extension 'ignore_ament_install'
[1.829s] Level 1:colcon.colcon_core.package_identification:_identify(colcon_ws/src) by extensions ['colcon_pkg']
[1.829s] Level 1:colcon.colcon_core.package_identification:_identify(colcon_ws/src) by extension 'colcon_pkg'
[1.829s] Level 1:colcon.colcon_core.package_identification:_identify(colcon_ws/src) by extensions ['colcon_meta']
[1.829s] Level 1:colcon.colcon_core.package_identification:_identify(colcon_ws/src) by extension 'colcon_meta'
[1.830s] Level 1:colcon.colcon_core.package_identification:_identify(colcon_ws/src) by extensions ['ros']
[1.830s] Level 1:colcon.colcon_core.package_identification:_identify(colcon_ws/src) by extension 'ros'
[1.830s] Level 1:colcon.colcon_core.package_identification:_identify(colcon_ws/src) by extensions ['cmake', 'python']
[1.830s] Level 1:colcon.colcon_core.package_identification:_identify(colcon_ws/src) by extension 'cmake'
[1.831s] Level 1:colcon.colcon_core.package_identification:_identify(colcon_ws/src) by extension 'python'
[1.831s] Level 1:colcon.colcon_core.package_identification:_identify(colcon_ws/src) by extensions ['python_setup_py']
[1.831s] Level 1:colcon.colcon_core.package_identification:_identify(colcon_ws/src) by extension 'python_setup_py'
[1.832s] Level 1:colcon.colcon_core.package_identification:_identify(colcon_ws/src/hrp_msgs) by extensions ['ignore', 'ignore_ament_install']
[1.832s] Level 1:colcon.colcon_core.package_identification:_identify(colcon_ws/src/hrp_msgs) by extension 'ignore'
[1.833s] Level 1:colcon.colcon_core.package_identification:_identify(colcon_ws/src/hrp_msgs) by extension 'ignore_ament_install'
[1.833s] Level 1:colcon.colcon_core.package_identification:_identify(colcon_ws/src/hrp_msgs) by extensions ['colcon_pkg']
[1.833s] Level 1:colcon.colcon_core.package_identification:_identify(colcon_ws/src/hrp_msgs) by extension 'colcon_pkg'
[1.833s] Level 1:colcon.colcon_core.package_identification:_identify(colcon_ws/src/hrp_msgs) by extensions ['colcon_meta']
[1.833s] Level 1:colcon.colcon_core.package_identification:_identify(colcon_ws/src/hrp_msgs) by extension 'colcon_meta'
[1.834s] Level 1:colcon.colcon_core.package_identification:_identify(colcon_ws/src/hrp_msgs) by extensions ['ros']
[1.834s] Level 1:colcon.colcon_core.package_identification:_identify(colcon_ws/src/hrp_msgs) by extension 'ros'
[1.845s] DEBUG:colcon.colcon_core.package_identification:Package 'colcon_ws/src/hrp_msgs' with type 'ros.ament_cmake' and name 'hrp_msgs'
[1.845s] Level 1:colcon.colcon_core.package_identification:_identify(colcon_ws/src/hw_controller) by extensions ['ignore', 'ignore_ament_install']
[1.846s] Level 1:colcon.colcon_core.package_identification:_identify(colcon_ws/src/hw_controller) by extension 'ignore'
[1.846s] Level 1:colcon.colcon_core.package_identification:_identify(colcon_ws/src/hw_controller) by extension 'ignore_ament_install'
[1.847s] Level 1:colcon.colcon_core.package_identification:_identify(colcon_ws/src/hw_controller) by extensions ['colcon_pkg']
[1.847s] Level 1:colcon.colcon_core.package_identification:_identify(colcon_ws/src/hw_controller) by extension 'colcon_pkg'
[1.847s] Level 1:colcon.colcon_core.package_identification:_identify(colcon_ws/src/hw_controller) by extensions ['colcon_meta']
[1.847s] Level 1:colcon.colcon_core.package_identification:_identify(colcon_ws/src/hw_controller) by extension 'colcon_meta'
[1.847s] Level 1:colcon.colcon_core.package_identification:_identify(colcon_ws/src/hw_controller) by extensions ['ros']
[1.848s] Level 1:colcon.colcon_core.package_identification:_identify(colcon_ws/src/hw_controller) by extension 'ros'
[1.851s] DEBUG:colcon.colcon_core.package_identification:Package 'colcon_ws/src/hw_controller' with type 'ros.ament_python' and name 'hw_controller'
[1.852s] Level 1:colcon.colcon_core.package_identification:_identify(colcon_ws/src/unicorn_hrp) by extensions ['ignore', 'ignore_ament_install']
[1.852s] Level 1:colcon.colcon_core.package_identification:_identify(colcon_ws/src/unicorn_hrp) by extension 'ignore'
[1.853s] Level 1:colcon.colcon_core.package_identification:_identify(colcon_ws/src/unicorn_hrp) by extension 'ignore_ament_install'
[1.853s] Level 1:colcon.colcon_core.package_identification:_identify(colcon_ws/src/unicorn_hrp) by extensions ['colcon_pkg']
[1.853s] Level 1:colcon.colcon_core.package_identification:_identify(colcon_ws/src/unicorn_hrp) by extension 'colcon_pkg'
[1.853s] Level 1:colcon.colcon_core.package_identification:_identify(colcon_ws/src/unicorn_hrp) by extensions ['colcon_meta']
[1.853s] Level 1:colcon.colcon_core.package_identification:_identify(colcon_ws/src/unicorn_hrp) by extension 'colcon_meta'
[1.854s] Level 1:colcon.colcon_core.package_identification:_identify(colcon_ws/src/unicorn_hrp) by extensions ['ros']
[1.854s] Level 1:colcon.colcon_core.package_identification:_identify(colcon_ws/src/unicorn_hrp) by extension 'ros'
[1.857s] DEBUG:colcon.colcon_core.package_identification:Package 'colcon_ws/src/unicorn_hrp' with type 'ros.ament_python' and name 'unicorn_hrp'
[1.858s] Level 1:colcon.colcon_core.package_identification:_identify(hardware) by extensions ['ignore', 'ignore_ament_install']
[1.858s] Level 1:colcon.colcon_core.package_identification:_identify(hardware) by extension 'ignore'
[1.858s] Level 1:colcon.colcon_core.package_identification:_identify(hardware) by extension 'ignore_ament_install'
[1.859s] Level 1:colcon.colcon_core.package_identification:_identify(hardware) by extensions ['colcon_pkg']
[1.859s] Level 1:colcon.colcon_core.package_identification:_identify(hardware) by extension 'colcon_pkg'
[1.859s] Level 1:colcon.colcon_core.package_identification:_identify(hardware) by extensions ['colcon_meta']
[1.859s] Level 1:colcon.colcon_core.package_identification:_identify(hardware) by extension 'colcon_meta'
[1.859s] Level 1:colcon.colcon_core.package_identification:_identify(hardware) by extensions ['ros']
[1.860s] Level 1:colcon.colcon_core.package_identification:_identify(hardware) by extension 'ros'
[1.860s] Level 1:colcon.colcon_core.package_identification:_identify(hardware) by extensions ['cmake', 'python']
[1.860s] Level 1:colcon.colcon_core.package_identification:_identify(hardware) by extension 'cmake'
[1.860s] Level 1:colcon.colcon_core.package_identification:_identify(hardware) by extension 'python'
[1.861s] Level 1:colcon.colcon_core.package_identification:_identify(hardware) by extensions ['python_setup_py']
[1.861s] Level 1:colcon.colcon_core.package_identification:_identify(hardware) by extension 'python_setup_py'
[1.862s] Level 1:colcon.colcon_core.package_identification:_identify(hardware/rgb-led-pcb) by extensions ['ignore', 'ignore_ament_install']
[1.862s] Level 1:colcon.colcon_core.package_identification:_identify(hardware/rgb-led-pcb) by extension 'ignore'
[1.862s] Level 1:colcon.colcon_core.package_identification:_identify(hardware/rgb-led-pcb) by extension 'ignore_ament_install'
[1.863s] Level 1:colcon.colcon_core.package_identification:_identify(hardware/rgb-led-pcb) by extensions ['colcon_pkg']
[1.863s] Level 1:colcon.colcon_core.package_identification:_identify(hardware/rgb-led-pcb) by extension 'colcon_pkg'
[1.863s] Level 1:colcon.colcon_core.package_identification:_identify(hardware/rgb-led-pcb) by extensions ['colcon_meta']
[1.863s] Level 1:colcon.colcon_core.package_identification:_identify(hardware/rgb-led-pcb) by extension 'colcon_meta'
[1.863s] Level 1:colcon.colcon_core.package_identification:_identify(hardware/rgb-led-pcb) by extensions ['ros']
[1.864s] Level 1:colcon.colcon_core.package_identification:_identify(hardware/rgb-led-pcb) by extension 'ros'
[1.864s] Level 1:colcon.colcon_core.package_identification:_identify(hardware/rgb-led-pcb) by extensions ['cmake', 'python']
[1.864s] Level 1:colcon.colcon_core.package_identification:_identify(hardware/rgb-led-pcb) by extension 'cmake'
[1.864s] Level 1:colcon.colcon_core.package_identification:_identify(hardware/rgb-led-pcb) by extension 'python'
[1.865s] Level 1:colcon.colcon_core.package_identification:_identify(hardware/rgb-led-pcb) by extensions ['python_setup_py']
[1.865s] Level 1:colcon.colcon_core.package_identification:_identify(hardware/rgb-led-pcb) by extension 'python_setup_py'
[1.865s] Level 1:colcon.colcon_core.package_identification:_identify(hardware/rgb-led-pcb/lib) by extensions ['ignore', 'ignore_ament_install']
[1.866s] Level 1:colcon.colcon_core.package_identification:_identify(hardware/rgb-led-pcb/lib) by extension 'ignore'
[1.866s] Level 1:colcon.colcon_core.package_identification:_identify(hardware/rgb-led-pcb/lib) by extension 'ignore_ament_install'
[1.866s] Level 1:colcon.colcon_core.package_identification:_identify(hardware/rgb-led-pcb/lib) by extensions ['colcon_pkg']
[1.867s] Level 1:colcon.colcon_core.package_identification:_identify(hardware/rgb-led-pcb/lib) by extension 'colcon_pkg'
[1.867s] Level 1:colcon.colcon_core.package_identification:_identify(hardware/rgb-led-pcb/lib) by extensions ['colcon_meta']
[1.867s] Level 1:colcon.colcon_core.package_identification:_identify(hardware/rgb-led-pcb/lib) by extension 'colcon_meta'
[1.867s] Level 1:colcon.colcon_core.package_identification:_identify(hardware/rgb-led-pcb/lib) by extensions ['ros']
[1.867s] Level 1:colcon.colcon_core.package_identification:_identify(hardware/rgb-led-pcb/lib) by extension 'ros'
[1.868s] Level 1:colcon.colcon_core.package_identification:_identify(hardware/rgb-led-pcb/lib) by extensions ['cmake', 'python']
[1.868s] Level 1:colcon.colcon_core.package_identification:_identify(hardware/rgb-led-pcb/lib) by extension 'cmake'
[1.868s] Level 1:colcon.colcon_core.package_identification:_identify(hardware/rgb-led-pcb/lib) by extension 'python'
[1.869s] Level 1:colcon.colcon_core.package_identification:_identify(hardware/rgb-led-pcb/lib) by extensions ['python_setup_py']
[1.869s] Level 1:colcon.colcon_core.package_identification:_identify(hardware/rgb-led-pcb/lib) by extension 'python_setup_py'
[1.869s] Level 1:colcon.colcon_core.package_identification:_identify(hardware/rgb-led-pcb/lib/local.3dshapes) by extensions ['ignore', 'ignore_ament_install']
[1.870s] Level 1:colcon.colcon_core.package_identification:_identify(hardware/rgb-led-pcb/lib/local.3dshapes) by extension 'ignore'
[1.870s] Level 1:colcon.colcon_core.package_identification:_identify(hardware/rgb-led-pcb/lib/local.3dshapes) by extension 'ignore_ament_install'
[1.870s] Level 1:colcon.colcon_core.package_identification:_identify(hardware/rgb-led-pcb/lib/local.3dshapes) by extensions ['colcon_pkg']
[1.871s] Level 1:colcon.colcon_core.package_identification:_identify(hardware/rgb-led-pcb/lib/local.3dshapes) by extension 'colcon_pkg'
[1.871s] Level 1:colcon.colcon_core.package_identification:_identify(hardware/rgb-led-pcb/lib/local.3dshapes) by extensions ['colcon_meta']
[1.871s] Level 1:colcon.colcon_core.package_identification:_identify(hardware/rgb-led-pcb/lib/local.3dshapes) by extension 'colcon_meta'
[1.871s] Level 1:colcon.colcon_core.package_identification:_identify(hardware/rgb-led-pcb/lib/local.3dshapes) by extensions ['ros']
[1.871s] Level 1:colcon.colcon_core.package_identification:_identify(hardware/rgb-led-pcb/lib/local.3dshapes) by extension 'ros'
[1.872s] Level 1:colcon.colcon_core.package_identification:_identify(hardware/rgb-led-pcb/lib/local.3dshapes) by extensions ['cmake', 'python']
[1.872s] Level 1:colcon.colcon_core.package_identification:_identify(hardware/rgb-led-pcb/lib/local.3dshapes) by extension 'cmake'
[1.872s] Level 1:colcon.colcon_core.package_identification:_identify(hardware/rgb-led-pcb/lib/local.3dshapes) by extension 'python'
[1.873s] Level 1:colcon.colcon_core.package_identification:_identify(hardware/rgb-led-pcb/lib/local.3dshapes) by extensions ['python_setup_py']
[1.873s] Level 1:colcon.colcon_core.package_identification:_identify(hardware/rgb-led-pcb/lib/local.3dshapes) by extension 'python_setup_py'
[1.873s] Level 1:colcon.colcon_core.package_identification:_identify(hardware/rgb-led-pcb/lib/local.pretty) by extensions ['ignore', 'ignore_ament_install']
[1.874s] Level 1:colcon.colcon_core.package_identification:_identify(hardware/rgb-led-pcb/lib/local.pretty) by extension 'ignore'
[1.874s] Level 1:colcon.colcon_core.package_identification:_identify(hardware/rgb-led-pcb/lib/local.pretty) by extension 'ignore_ament_install'
[1.874s] Level 1:colcon.colcon_core.package_identification:_identify(hardware/rgb-led-pcb/lib/local.pretty) by extensions ['colcon_pkg']
[1.874s] Level 1:colcon.colcon_core.package_identification:_identify(hardware/rgb-led-pcb/lib/local.pretty) by extension 'colcon_pkg'
[1.875s] Level 1:colcon.colcon_core.package_identification:_identify(hardware/rgb-led-pcb/lib/local.pretty) by extensions ['colcon_meta']
[1.875s] Level 1:colcon.colcon_core.package_identification:_identify(hardware/rgb-led-pcb/lib/local.pretty) by extension 'colcon_meta'
[1.875s] Level 1:colcon.colcon_core.package_identification:_identify(hardware/rgb-led-pcb/lib/local.pretty) by extensions ['ros']
[1.875s] Level 1:colcon.colcon_core.package_identification:_identify(hardware/rgb-led-pcb/lib/local.pretty) by extension 'ros'
[1.876s] Level 1:colcon.colcon_core.package_identification:_identify(hardware/rgb-led-pcb/lib/local.pretty) by extensions ['cmake', 'python']
[1.876s] Level 1:colcon.colcon_core.package_identification:_identify(hardware/rgb-led-pcb/lib/local.pretty) by extension 'cmake'
[1.876s] Level 1:colcon.colcon_core.package_identification:_identify(hardware/rgb-led-pcb/lib/local.pretty) by extension 'python'
[1.876s] Level 1:colcon.colcon_core.package_identification:_identify(hardware/rgb-led-pcb/lib/local.pretty) by extensions ['python_setup_py']
[1.877s] Level 1:colcon.colcon_core.package_identification:_identify(hardware/rgb-led-pcb/lib/local.pretty) by extension 'python_setup_py'
[1.877s] Level 1:colcon.colcon_core.package_identification:_identify(hardware-interface) by extensions ['ignore', 'ignore_ament_install']
[1.878s] Level 1:colcon.colcon_core.package_identification:_identify(hardware-interface) by extension 'ignore'
[1.878s] Level 1:colcon.colcon_core.package_identification:_identify(hardware-interface) by extension 'ignore_ament_install'
[1.878s] Level 1:colcon.colcon_core.package_identification:_identify(hardware-interface) by extensions ['colcon_pkg']
[1.878s] Level 1:colcon.colcon_core.package_identification:_identify(hardware-interface) by extension 'colcon_pkg'
[1.879s] Level 1:colcon.colcon_core.package_identification:_identify(hardware-interface) by extensions ['colcon_meta']
[1.879s] Level 1:colcon.colcon_core.package_identification:_identify(hardware-interface) by extension 'colcon_meta'
[1.879s] Level 1:colcon.colcon_core.package_identification:_identify(hardware-interface) by extensions ['ros']
[1.879s] Level 1:colcon.colcon_core.package_identification:_identify(hardware-interface) by extension 'ros'
[1.880s] Level 1:colcon.colcon_core.package_identification:_identify(hardware-interface) by extensions ['cmake', 'python']
[1.880s] Level 1:colcon.colcon_core.package_identification:_identify(hardware-interface) by extension 'cmake'
[1.880s] Level 1:colcon.colcon_core.package_identification:_identify(hardware-interface) by extension 'python'
[1.880s] Level 1:colcon.colcon_core.package_identification:_identify(hardware-interface) by extensions ['python_setup_py']
[1.880s] Level 1:colcon.colcon_core.package_identification:_identify(hardware-interface) by extension 'python_setup_py'
[1.881s] Level 1:colcon.colcon_core.package_identification:_identify(hardware-interface/hw-interface) by extensions ['ignore', 'ignore_ament_install']
[1.881s] Level 1:colcon.colcon_core.package_identification:_identify(hardware-interface/hw-interface) by extension 'ignore'
[1.882s] Level 1:colcon.colcon_core.package_identification:_identify(hardware-interface/hw-interface) by extension 'ignore_ament_install'
[1.882s] Level 1:colcon.colcon_core.package_identification:_identify(hardware-interface/hw-interface) by extensions ['colcon_pkg']
[1.882s] Level 1:colcon.colcon_core.package_identification:_identify(hardware-interface/hw-interface) by extension 'colcon_pkg'
[1.882s] Level 1:colcon.colcon_core.package_identification:_identify(hardware-interface/hw-interface) by extensions ['colcon_meta']
[1.883s] Level 1:colcon.colcon_core.package_identification:_identify(hardware-interface/hw-interface) by extension 'colcon_meta'
[1.883s] Level 1:colcon.colcon_core.package_identification:_identify(hardware-interface/hw-interface) by extensions ['ros']
[1.883s] Level 1:colcon.colcon_core.package_identification:_identify(hardware-interface/hw-interface) by extension 'ros'
[1.883s] Level 1:colcon.colcon_core.package_identification:_identify(hardware-interface/hw-interface) by extensions ['cmake', 'python']
[1.884s] Level 1:colcon.colcon_core.package_identification:_identify(hardware-interface/hw-interface) by extension 'cmake'
[1.884s] Level 1:colcon.colcon_core.package_identification:_identify(hardware-interface/hw-interface) by extension 'python'
[1.884s] Level 1:colcon.colcon_core.package_identification:_identify(hardware-interface/hw-interface) by extensions ['python_setup_py']
[1.884s] Level 1:colcon.colcon_core.package_identification:_identify(hardware-interface/hw-interface) by extension 'python_setup_py'
[1.885s] Level 1:colcon.colcon_core.package_identification:_identify(hardware-interface/hw-interface/src) by extensions ['ignore', 'ignore_ament_install']
[1.885s] Level 1:colcon.colcon_core.package_identification:_identify(hardware-interface/hw-interface/src) by extension 'ignore'
[1.886s] Level 1:colcon.colcon_core.package_identification:_identify(hardware-interface/hw-interface/src) by extension 'ignore_ament_install'
[1.886s] Level 1:colcon.colcon_core.package_identification:_identify(hardware-interface/hw-interface/src) by extensions ['colcon_pkg']
[1.886s] Level 1:colcon.colcon_core.package_identification:_identify(hardware-interface/hw-interface/src) by extension 'colcon_pkg'
[1.886s] Level 1:colcon.colcon_core.package_identification:_identify(hardware-interface/hw-interface/src) by extensions ['colcon_meta']
[1.886s] Level 1:colcon.colcon_core.package_identification:_identify(hardware-interface/hw-interface/src) by extension 'colcon_meta'
[1.887s] Level 1:colcon.colcon_core.package_identification:_identify(hardware-interface/hw-interface/src) by extensions ['ros']
[1.887s] Level 1:colcon.colcon_core.package_identification:_identify(hardware-interface/hw-interface/src) by extension 'ros'
[1.887s] Level 1:colcon.colcon_core.package_identification:_identify(hardware-interface/hw-interface/src) by extensions ['cmake', 'python']
[1.887s] Level 1:colcon.colcon_core.package_identification:_identify(hardware-interface/hw-interface/src) by extension 'cmake'
[1.888s] Level 1:colcon.colcon_core.package_identification:_identify(hardware-interface/hw-interface/src) by extension 'python'
[1.888s] Level 1:colcon.colcon_core.package_identification:_identify(hardware-interface/hw-interface/src) by extensions ['python_setup_py']
[1.888s] Level 1:colcon.colcon_core.package_identification:_identify(hardware-interface/hw-interface/src) by extension 'python_setup_py'
[1.889s] Level 1:colcon.colcon_core.package_identification:_identify(hardware-interface/hw-interface/src/Adafruit-VL530X) by extensions ['ignore', 'ignore_ament_install']
[1.889s] Level 1:colcon.colcon_core.package_identification:_identify(hardware-interface/hw-interface/src/Adafruit-VL530X) by extension 'ignore'
[1.890s] Level 1:colcon.colcon_core.package_identification:_identify(hardware-interface/hw-interface/src/Adafruit-VL530X) by extension 'ignore_ament_install'
[1.890s] Level 1:colcon.colcon_core.package_identification:_identify(hardware-interface/hw-interface/src/Adafruit-VL530X) by extensions ['colcon_pkg']
[1.890s] Level 1:colcon.colcon_core.package_identification:_identify(hardware-interface/hw-interface/src/Adafruit-VL530X) by extension 'colcon_pkg'
[1.890s] Level 1:colcon.colcon_core.package_identification:_identify(hardware-interface/hw-interface/src/Adafruit-VL530X) by extensions ['colcon_meta']
[1.890s] Level 1:colcon.colcon_core.package_identification:_identify(hardware-interface/hw-interface/src/Adafruit-VL530X) by extension 'colcon_meta'
[1.891s] Level 1:colcon.colcon_core.package_identification:_identify(hardware-interface/hw-interface/src/Adafruit-VL530X) by extensions ['ros']
[1.891s] Level 1:colcon.colcon_core.package_identification:_identify(hardware-interface/hw-interface/src/Adafruit-VL530X) by extension 'ros'
[1.891s] Level 1:colcon.colcon_core.package_identification:_identify(hardware-interface/hw-interface/src/Adafruit-VL530X) by extensions ['cmake', 'python']
[1.892s] Level 1:colcon.colcon_core.package_identification:_identify(hardware-interface/hw-interface/src/Adafruit-VL530X) by extension 'cmake'
[1.892s] Level 1:colcon.colcon_core.package_identification:_identify(hardware-interface/hw-interface/src/Adafruit-VL530X) by extension 'python'
[1.892s] Level 1:colcon.colcon_core.package_identification:_identify(hardware-interface/hw-interface/src/Adafruit-VL530X) by extensions ['python_setup_py']
[1.892s] Level 1:colcon.colcon_core.package_identification:_identify(hardware-interface/hw-interface/src/Adafruit-VL530X) by extension 'python_setup_py'
[1.893s] Level 1:colcon.colcon_core.package_identification:_identify(hardware-interface/hw-interface/src/Adafruit-VL530X/core) by extensions ['ignore', 'ignore_ament_install']
[1.893s] Level 1:colcon.colcon_core.package_identification:_identify(hardware-interface/hw-interface/src/Adafruit-VL530X/core) by extension 'ignore'
[1.894s] Level 1:colcon.colcon_core.package_identification:_identify(hardware-interface/hw-interface/src/Adafruit-VL530X/core) by extension 'ignore_ament_install'
[1.894s] Level 1:colcon.colcon_core.package_identification:_identify(hardware-interface/hw-interface/src/Adafruit-VL530X/core) by extensions ['colcon_pkg']
[1.894s] Level 1:colcon.colcon_core.package_identification:_identify(hardware-interface/hw-interface/src/Adafruit-VL530X/core) by extension 'colcon_pkg'
[1.894s] Level 1:colcon.colcon_core.package_identification:_identify(hardware-interface/hw-interface/src/Adafruit-VL530X/core) by extensions ['colcon_meta']
[1.895s] Level 1:colcon.colcon_core.package_identification:_identify(hardware-interface/hw-interface/src/Adafruit-VL530X/core) by extension 'colcon_meta'
[1.895s] Level 1:colcon.colcon_core.package_identification:_identify(hardware-interface/hw-interface/src/Adafruit-VL530X/core) by extensions ['ros']
[1.895s] Level 1:colcon.colcon_core.package_identification:_identify(hardware-interface/hw-interface/src/Adafruit-VL530X/core) by extension 'ros'
[1.896s] Level 1:colcon.colcon_core.package_identification:_identify(hardware-interface/hw-interface/src/Adafruit-VL530X/core) by extensions ['cmake', 'python']
[1.896s] Level 1:colcon.colcon_core.package_identification:_identify(hardware-interface/hw-interface/src/Adafruit-VL530X/core) by extension 'cmake'
[1.896s] Level 1:colcon.colcon_core.package_identification:_identify(hardware-interface/hw-interface/src/Adafruit-VL530X/core) by extension 'python'
[1.896s] Level 1:colcon.colcon_core.package_identification:_identify(hardware-interface/hw-interface/src/Adafruit-VL530X/core) by extensions ['python_setup_py']
[1.896s] Level 1:colcon.colcon_core.package_identification:_identify(hardware-interface/hw-interface/src/Adafruit-VL530X/core) by extension 'python_setup_py'
[1.897s] Level 1:colcon.colcon_core.package_identification:_identify(hardware-interface/hw-interface/src/Adafruit-VL530X/core/src) by extensions ['ignore', 'ignore_ament_install']
[1.898s] Level 1:colcon.colcon_core.package_identification:_identify(hardware-interface/hw-interface/src/Adafruit-VL530X/core/src) by extension 'ignore'
[1.898s] Level 1:colcon.colcon_core.package_identification:_identify(hardware-interface/hw-interface/src/Adafruit-VL530X/core/src) by extension 'ignore_ament_install'
[1.898s] Level 1:colcon.colcon_core.package_identification:_identify(hardware-interface/hw-interface/src/Adafruit-VL530X/core/src) by extensions ['colcon_pkg']
[1.898s] Level 1:colcon.colcon_core.package_identification:_identify(hardware-interface/hw-interface/src/Adafruit-VL530X/core/src) by extension 'colcon_pkg'
[1.899s] Level 1:colcon.colcon_core.package_identification:_identify(hardware-interface/hw-interface/src/Adafruit-VL530X/core/src) by extensions ['colcon_meta']
[1.899s] Level 1:colcon.colcon_core.package_identification:_identify(hardware-interface/hw-interface/src/Adafruit-VL530X/core/src) by extension 'colcon_meta'
[1.899s] Level 1:colcon.colcon_core.package_identification:_identify(hardware-interface/hw-interface/src/Adafruit-VL530X/core/src) by extensions ['ros']
[1.899s] Level 1:colcon.colcon_core.package_identification:_identify(hardware-interface/hw-interface/src/Adafruit-VL530X/core/src) by extension 'ros'
[1.900s] Level 1:colcon.colcon_core.package_identification:_identify(hardware-interface/hw-interface/src/Adafruit-VL530X/core/src) by extensions ['cmake', 'python']
[1.900s] Level 1:colcon.colcon_core.package_identification:_identify(hardware-interface/hw-interface/src/Adafruit-VL530X/core/src) by extension 'cmake'
[1.900s] Level 1:colcon.colcon_core.package_identification:_identify(hardware-interface/hw-interface/src/Adafruit-VL530X/core/src) by extension 'python'
[1.900s] Level 1:colcon.colcon_core.package_identification:_identify(hardware-interface/hw-interface/src/Adafruit-VL530X/core/src) by extensions ['python_setup_py']
[1.901s] Level 1:colcon.colcon_core.package_identification:_identify(hardware-interface/hw-interface/src/Adafruit-VL530X/core/src) by extension 'python_setup_py'
[1.901s] Level 1:colcon.colcon_core.package_identification:_identify(hardware-interface/hw-interface/src/Adafruit-VL530X/platform) by extensions ['ignore', 'ignore_ament_install']
[1.902s] Level 1:colcon.colcon_core.package_identification:_identify(hardware-interface/hw-interface/src/Adafruit-VL530X/platform) by extension 'ignore'
[1.902s] Level 1:colcon.colcon_core.package_identification:_identify(hardware-interface/hw-interface/src/Adafruit-VL530X/platform) by extension 'ignore_ament_install'
[1.902s] Level 1:colcon.colcon_core.package_identification:_identify(hardware-interface/hw-interface/src/Adafruit-VL530X/platform) by extensions ['colcon_pkg']
[1.902s] Level 1:colcon.colcon_core.package_identification:_identify(hardware-interface/hw-interface/src/Adafruit-VL530X/platform) by extension 'colcon_pkg'
[1.903s] Level 1:colcon.colcon_core.package_identification:_identify(hardware-interface/hw-interface/src/Adafruit-VL530X/platform) by extensions ['colcon_meta']
[1.903s] Level 1:colcon.colcon_core.package_identification:_identify(hardware-interface/hw-interface/src/Adafruit-VL530X/platform) by extension 'colcon_meta'
[1.903s] Level 1:colcon.colcon_core.package_identification:_identify(hardware-interface/hw-interface/src/Adafruit-VL530X/platform) by extensions ['ros']
[1.903s] Level 1:colcon.colcon_core.package_identification:_identify(hardware-interface/hw-interface/src/Adafruit-VL530X/platform) by extension 'ros'
[1.904s] Level 1:colcon.colcon_core.package_identification:_identify(hardware-interface/hw-interface/src/Adafruit-VL530X/platform) by extensions ['cmake', 'python']
[1.904s] Level 1:colcon.colcon_core.package_identification:_identify(hardware-interface/hw-interface/src/Adafruit-VL530X/platform) by extension 'cmake'
[1.904s] Level 1:colcon.colcon_core.package_identification:_identify(hardware-interface/hw-interface/src/Adafruit-VL530X/platform) by extension 'python'
[1.904s] Level 1:colcon.colcon_core.package_identification:_identify(hardware-interface/hw-interface/src/Adafruit-VL530X/platform) by extensions ['python_setup_py']
[1.904s] Level 1:colcon.colcon_core.package_identification:_identify(hardware-interface/hw-interface/src/Adafruit-VL530X/platform) by extension 'python_setup_py'
[1.905s] Level 1:colcon.colcon_core.package_identification:_identify(hardware-interface/hw-interface/src/Adafruit-VL530X/platform/src) by extensions ['ignore', 'ignore_ament_install']
[1.906s] Level 1:colcon.colcon_core.package_identification:_identify(hardware-interface/hw-interface/src/Adafruit-VL530X/platform/src) by extension 'ignore'
[1.906s] Level 1:colcon.colcon_core.package_identification:_identify(hardware-interface/hw-interface/src/Adafruit-VL530X/platform/src) by extension 'ignore_ament_install'
[1.906s] Level 1:colcon.colcon_core.package_identification:_identify(hardware-interface/hw-interface/src/Adafruit-VL530X/platform/src) by extensions ['colcon_pkg']
[1.906s] Level 1:colcon.colcon_core.package_identification:_identify(hardware-interface/hw-interface/src/Adafruit-VL530X/platform/src) by extension 'colcon_pkg'
[1.907s] Level 1:colcon.colcon_core.package_identification:_identify(hardware-interface/hw-interface/src/Adafruit-VL530X/platform/src) by extensions ['colcon_meta']
[1.907s] Level 1:colcon.colcon_core.package_identification:_identify(hardware-interface/hw-interface/src/Adafruit-VL530X/platform/src) by extension 'colcon_meta'
[1.907s] Level 1:colcon.colcon_core.package_identification:_identify(hardware-interface/hw-interface/src/Adafruit-VL530X/platform/src) by extensions ['ros']
[1.907s] Level 1:colcon.colcon_core.package_identification:_identify(hardware-interface/hw-interface/src/Adafruit-VL530X/platform/src) by extension 'ros'
[1.908s] Level 1:colcon.colcon_core.package_identification:_identify(hardware-interface/hw-interface/src/Adafruit-VL530X/platform/src) by extensions ['cmake', 'python']
[1.908s] Level 1:colcon.colcon_core.package_identification:_identify(hardware-interface/hw-interface/src/Adafruit-VL530X/platform/src) by extension 'cmake'
[1.908s] Level 1:colcon.colcon_core.package_identification:_identify(hardware-interface/hw-interface/src/Adafruit-VL530X/platform/src) by extension 'python'
[1.908s] Level 1:colcon.colcon_core.package_identification:_identify(hardware-interface/hw-interface/src/Adafruit-VL530X/platform/src) by extensions ['python_setup_py']
[1.909s] Level 1:colcon.colcon_core.package_identification:_identify(hardware-interface/hw-interface/src/Adafruit-VL530X/platform/src) by extension 'python_setup_py'
[1.909s] Level 1:colcon.colcon_core.package_identification:_identify(hardware-interface/hw-interface-pcb) by extensions ['ignore', 'ignore_ament_install']
[1.910s] Level 1:colcon.colcon_core.package_identification:_identify(hardware-interface/hw-interface-pcb) by extension 'ignore'
[1.910s] Level 1:colcon.colcon_core.package_identification:_identify(hardware-interface/hw-interface-pcb) by extension 'ignore_ament_install'
[1.910s] Level 1:colcon.colcon_core.package_identification:_identify(hardware-interface/hw-interface-pcb) by extensions ['colcon_pkg']
[1.911s] Level 1:colcon.colcon_core.package_identification:_identify(hardware-interface/hw-interface-pcb) by extension 'colcon_pkg'
[1.911s] Level 1:colcon.colcon_core.package_identification:_identify(hardware-interface/hw-interface-pcb) by extensions ['colcon_meta']
[1.911s] Level 1:colcon.colcon_core.package_identification:_identify(hardware-interface/hw-interface-pcb) by extension 'colcon_meta'
[1.911s] Level 1:colcon.colcon_core.package_identification:_identify(hardware-interface/hw-interface-pcb) by extensions ['ros']
[1.911s] Level 1:colcon.colcon_core.package_identification:_identify(hardware-interface/hw-interface-pcb) by extension 'ros'
[1.912s] Level 1:colcon.colcon_core.package_identification:_identify(hardware-interface/hw-interface-pcb) by extensions ['cmake', 'python']
[1.912s] Level 1:colcon.colcon_core.package_identification:_identify(hardware-interface/hw-interface-pcb) by extension 'cmake'
[1.912s] Level 1:colcon.colcon_core.package_identification:_identify(hardware-interface/hw-interface-pcb) by extension 'python'
[1.913s] Level 1:colcon.colcon_core.package_identification:_identify(hardware-interface/hw-interface-pcb) by extensions ['python_setup_py']
[1.913s] Level 1:colcon.colcon_core.package_identification:_identify(hardware-interface/hw-interface-pcb) by extension 'python_setup_py'
[1.913s] Level 1:colcon.colcon_core.package_identification:_identify(hardware-interface/hw-interface-pcb/src) by extensions ['ignore', 'ignore_ament_install']
[1.914s] Level 1:colcon.colcon_core.package_identification:_identify(hardware-interface/hw-interface-pcb/src) by extension 'ignore'
[1.914s] Level 1:colcon.colcon_core.package_identification:_identify(hardware-interface/hw-interface-pcb/src) by extension 'ignore_ament_install'
[1.914s] Level 1:colcon.colcon_core.package_identification:_identify(hardware-interface/hw-interface-pcb/src) by extensions ['colcon_pkg']
[1.915s] Level 1:colcon.colcon_core.package_identification:_identify(hardware-interface/hw-interface-pcb/src) by extension 'colcon_pkg'
[1.915s] Level 1:colcon.colcon_core.package_identification:_identify(hardware-interface/hw-interface-pcb/src) by extensions ['colcon_meta']
[1.915s] Level 1:colcon.colcon_core.package_identification:_identify(hardware-interface/hw-interface-pcb/src) by extension 'colcon_meta'
[1.915s] Level 1:colcon.colcon_core.package_identification:_identify(hardware-interface/hw-interface-pcb/src) by extensions ['ros']
[1.915s] Level 1:colcon.colcon_core.package_identification:_identify(hardware-interface/hw-interface-pcb/src) by extension 'ros'
[1.916s] Level 1:colcon.colcon_core.package_identification:_identify(hardware-interface/hw-interface-pcb/src) by extensions ['cmake', 'python']
[1.916s] Level 1:colcon.colcon_core.package_identification:_identify(hardware-interface/hw-interface-pcb/src) by extension 'cmake'
[1.916s] Level 1:colcon.colcon_core.package_identification:_identify(hardware-interface/hw-interface-pcb/src) by extension 'python'
[1.916s] Level 1:colcon.colcon_core.package_identification:_identify(hardware-interface/hw-interface-pcb/src) by extensions ['python_setup_py']
[1.917s] Level 1:colcon.colcon_core.package_identification:_identify(hardware-interface/hw-interface-pcb/src) by extension 'python_setup_py'
[1.917s] Level 1:colcon.colcon_core.package_identification:_identify(hardware-interface/hw-interface-pcb/src/Adafruit-VL530X) by extensions ['ignore', 'ignore_ament_install']
[1.918s] Level 1:colcon.colcon_core.package_identification:_identify(hardware-interface/hw-interface-pcb/src/Adafruit-VL530X) by extension 'ignore'
[1.918s] Level 1:colcon.colcon_core.package_identification:_identify(hardware-interface/hw-interface-pcb/src/Adafruit-VL530X) by extension 'ignore_ament_install'
[1.918s] Level 1:colcon.colcon_core.package_identification:_identify(hardware-interface/hw-interface-pcb/src/Adafruit-VL530X) by extensions ['colcon_pkg']
[1.918s] Level 1:colcon.colcon_core.package_identification:_identify(hardware-interface/hw-interface-pcb/src/Adafruit-VL530X) by extension 'colcon_pkg'
[1.919s] Level 1:colcon.colcon_core.package_identification:_identify(hardware-interface/hw-interface-pcb/src/Adafruit-VL530X) by extensions ['colcon_meta']
[1.919s] Level 1:colcon.colcon_core.package_identification:_identify(hardware-interface/hw-interface-pcb/src/Adafruit-VL530X) by extension 'colcon_meta'
[1.919s] Level 1:colcon.colcon_core.package_identification:_identify(hardware-interface/hw-interface-pcb/src/Adafruit-VL530X) by extensions ['ros']
[1.919s] Level 1:colcon.colcon_core.package_identification:_identify(hardware-interface/hw-interface-pcb/src/Adafruit-VL530X) by extension 'ros'
[1.920s] Level 1:colcon.colcon_core.package_identification:_identify(hardware-interface/hw-interface-pcb/src/Adafruit-VL530X) by extensions ['cmake', 'python']
[1.920s] Level 1:colcon.colcon_core.package_identification:_identify(hardware-interface/hw-interface-pcb/src/Adafruit-VL530X) by extension 'cmake'
[1.920s] Level 1:colcon.colcon_core.package_identification:_identify(hardware-interface/hw-interface-pcb/src/Adafruit-VL530X) by extension 'python'
[1.920s] Level 1:colcon.colcon_core.package_identification:_identify(hardware-interface/hw-interface-pcb/src/Adafruit-VL530X) by extensions ['python_setup_py']
[1.921s] Level 1:colcon.colcon_core.package_identification:_identify(hardware-interface/hw-interface-pcb/src/Adafruit-VL530X) by extension 'python_setup_py'
[1.921s] Level 1:colcon.colcon_core.package_identification:_identify(hardware-interface/hw-interface-pcb/src/Adafruit-VL530X/core) by extensions ['ignore', 'ignore_ament_install']
[1.922s] Level 1:colcon.colcon_core.package_identification:_identify(hardware-interface/hw-interface-pcb/src/Adafruit-VL530X/core) by extension 'ignore'
[1.922s] Level 1:colcon.colcon_core.package_identification:_identify(hardware-interface/hw-interface-pcb/src/Adafruit-VL530X/core) by extension 'ignore_ament_install'
[1.922s] Level 1:colcon.colcon_core.package_identification:_identify(hardware-interface/hw-interface-pcb/src/Adafruit-VL530X/core) by extensions ['colcon_pkg']
[1.922s] Level 1:colcon.colcon_core.package_identification:_identify(hardware-interface/hw-interface-pcb/src/Adafruit-VL530X/core) by extension 'colcon_pkg'
[1.923s] Level 1:colcon.colcon_core.package_identification:_identify(hardware-interface/hw-interface-pcb/src/Adafruit-VL530X/core) by extensions ['colcon_meta']
[1.923s] Level 1:colcon.colcon_core.package_identification:_identify(hardware-interface/hw-interface-pcb/src/Adafruit-VL530X/core) by extension 'colcon_meta'
[1.923s] Level 1:colcon.colcon_core.package_identification:_identify(hardware-interface/hw-interface-pcb/src/Adafruit-VL530X/core) by extensions ['ros']
[1.923s] Level 1:colcon.colcon_core.package_identification:_identify(hardware-interface/hw-interface-pcb/src/Adafruit-VL530X/core) by extension 'ros'
[1.924s] Level 1:colcon.colcon_core.package_identification:_identify(hardware-interface/hw-interface-pcb/src/Adafruit-VL530X/core) by extensions ['cmake', 'python']
[1.924s] Level 1:colcon.colcon_core.package_identification:_identify(hardware-interface/hw-interface-pcb/src/Adafruit-VL530X/core) by extension 'cmake'
[1.924s] Level 1:colcon.colcon_core.package_identification:_identify(hardware-interface/hw-interface-pcb/src/Adafruit-VL530X/core) by extension 'python'
[1.924s] Level 1:colcon.colcon_core.package_identification:_identify(hardware-interface/hw-interface-pcb/src/Adafruit-VL530X/core) by extensions ['python_setup_py']
[1.924s] Level 1:colcon.colcon_core.package_identification:_identify(hardware-interface/hw-interface-pcb/src/Adafruit-VL530X/core) by extension 'python_setup_py'
[1.925s] Level 1:colcon.colcon_core.package_identification:_identify(hardware-interface/hw-interface-pcb/src/Adafruit-VL530X/core/src) by extensions ['ignore', 'ignore_ament_install']
[1.926s] Level 1:colcon.colcon_core.package_identification:_identify(hardware-interface/hw-interface-pcb/src/Adafruit-VL530X/core/src) by extension 'ignore'
[1.926s] Level 1:colcon.colcon_core.package_identification:_identify(hardware-interface/hw-interface-pcb/src/Adafruit-VL530X/core/src) by extension 'ignore_ament_install'
[1.926s] Level 1:colcon.colcon_core.package_identification:_identify(hardware-interface/hw-interface-pcb/src/Adafruit-VL530X/core/src) by extensions ['colcon_pkg']
[1.926s] Level 1:colcon.colcon_core.package_identification:_identify(hardware-interface/hw-interface-pcb/src/Adafruit-VL530X/core/src) by extension 'colcon_pkg'
[1.927s] Level 1:colcon.colcon_core.package_identification:_identify(hardware-interface/hw-interface-pcb/src/Adafruit-VL530X/core/src) by extensions ['colcon_meta']
[1.927s] Level 1:colcon.colcon_core.package_identification:_identify(hardware-interface/hw-interface-pcb/src/Adafruit-VL530X/core/src) by extension 'colcon_meta'
[1.927s] Level 1:colcon.colcon_core.package_identification:_identify(hardware-interface/hw-interface-pcb/src/Adafruit-VL530X/core/src) by extensions ['ros']
[1.927s] Level 1:colcon.colcon_core.package_identification:_identify(hardware-interface/hw-interface-pcb/src/Adafruit-VL530X/core/src) by extension 'ros'
[1.928s] Level 1:colcon.colcon_core.package_identification:_identify(hardware-interface/hw-interface-pcb/src/Adafruit-VL530X/core/src) by extensions ['cmake', 'python']
[1.928s] Level 1:colcon.colcon_core.package_identification:_identify(hardware-interface/hw-interface-pcb/src/Adafruit-VL530X/core/src) by extension 'cmake'
[1.928s] Level 1:colcon.colcon_core.package_identification:_identify(hardware-interface/hw-interface-pcb/src/Adafruit-VL530X/core/src) by extension 'python'
[1.928s] Level 1:colcon.colcon_core.package_identification:_identify(hardware-interface/hw-interface-pcb/src/Adafruit-VL530X/core/src) by extensions ['python_setup_py']
[1.928s] Level 1:colcon.colcon_core.package_identification:_identify(hardware-interface/hw-interface-pcb/src/Adafruit-VL530X/core/src) by extension 'python_setup_py'
[1.929s] Level 1:colcon.colcon_core.package_identification:_identify(hardware-interface/hw-interface-pcb/src/Adafruit-VL530X/platform) by extensions ['ignore', 'ignore_ament_install']
[1.930s] Level 1:colcon.colcon_core.package_identification:_identify(hardware-interface/hw-interface-pcb/src/Adafruit-VL530X/platform) by extension 'ignore'
[1.930s] Level 1:colcon.colcon_core.package_identification:_identify(hardware-interface/hw-interface-pcb/src/Adafruit-VL530X/platform) by extension 'ignore_ament_install'
[1.930s] Level 1:colcon.colcon_core.package_identification:_identify(hardware-interface/hw-interface-pcb/src/Adafruit-VL530X/platform) by extensions ['colcon_pkg']
[1.930s] Level 1:colcon.colcon_core.package_identification:_identify(hardware-interface/hw-interface-pcb/src/Adafruit-VL530X/platform) by extension 'colcon_pkg'
[1.931s] Level 1:colcon.colcon_core.package_identification:_identify(hardware-interface/hw-interface-pcb/src/Adafruit-VL530X/platform) by extensions ['colcon_meta']
[1.931s] Level 1:colcon.colcon_core.package_identification:_identify(hardware-interface/hw-interface-pcb/src/Adafruit-VL530X/platform) by extension 'colcon_meta'
[1.931s] Level 1:colcon.colcon_core.package_identification:_identify(hardware-interface/hw-interface-pcb/src/Adafruit-VL530X/platform) by extensions ['ros']
[1.931s] Level 1:colcon.colcon_core.package_identification:_identify(hardware-interface/hw-interface-pcb/src/Adafruit-VL530X/platform) by extension 'ros'
[1.932s] Level 1:colcon.colcon_core.package_identification:_identify(hardware-interface/hw-interface-pcb/src/Adafruit-VL530X/platform) by extensions ['cmake', 'python']
[1.932s] Level 1:colcon.colcon_core.package_identification:_identify(hardware-interface/hw-interface-pcb/src/Adafruit-VL530X/platform) by extension 'cmake'
[1.932s] Level 1:colcon.colcon_core.package_identification:_identify(hardware-interface/hw-interface-pcb/src/Adafruit-VL530X/platform) by extension 'python'
[1.932s] Level 1:colcon.colcon_core.package_identification:_identify(hardware-interface/hw-interface-pcb/src/Adafruit-VL530X/platform) by extensions ['python_setup_py']
[1.932s] Level 1:colcon.colcon_core.package_identification:_identify(hardware-interface/hw-interface-pcb/src/Adafruit-VL530X/platform) by extension 'python_setup_py'
[1.933s] Level 1:colcon.colcon_core.package_identification:_identify(hardware-interface/hw-interface-pcb/src/Adafruit-VL530X/platform/src) by extensions ['ignore', 'ignore_ament_install']
[1.934s] Level 1:colcon.colcon_core.package_identification:_identify(hardware-interface/hw-interface-pcb/src/Adafruit-VL530X/platform/src) by extension 'ignore'
[1.934s] Level 1:colcon.colcon_core.package_identification:_identify(hardware-interface/hw-interface-pcb/src/Adafruit-VL530X/platform/src) by extension 'ignore_ament_install'
[1.934s] Level 1:colcon.colcon_core.package_identification:_identify(hardware-interface/hw-interface-pcb/src/Adafruit-VL530X/platform/src) by extensions ['colcon_pkg']
[1.934s] Level 1:colcon.colcon_core.package_identification:_identify(hardware-interface/hw-interface-pcb/src/Adafruit-VL530X/platform/src) by extension 'colcon_pkg'
[1.935s] Level 1:colcon.colcon_core.package_identification:_identify(hardware-interface/hw-interface-pcb/src/Adafruit-VL530X/platform/src) by extensions ['colcon_meta']
[1.935s] Level 1:colcon.colcon_core.package_identification:_identify(hardware-interface/hw-interface-pcb/src/Adafruit-VL530X/platform/src) by extension 'colcon_meta'
[1.935s] Level 1:colcon.colcon_core.package_identification:_identify(hardware-interface/hw-interface-pcb/src/Adafruit-VL530X/platform/src) by extensions ['ros']
[1.935s] Level 1:colcon.colcon_core.package_identification:_identify(hardware-interface/hw-interface-pcb/src/Adafruit-VL530X/platform/src) by extension 'ros'
[1.936s] Level 1:colcon.colcon_core.package_identification:_identify(hardware-interface/hw-interface-pcb/src/Adafruit-VL530X/platform/src) by extensions ['cmake', 'python']
[1.936s] Level 1:colcon.colcon_core.package_identification:_identify(hardware-interface/hw-interface-pcb/src/Adafruit-VL530X/platform/src) by extension 'cmake'
[1.936s] Level 1:colcon.colcon_core.package_identification:_identify(hardware-interface/hw-interface-pcb/src/Adafruit-VL530X/platform/src) by extension 'python'
[1.936s] Level 1:colcon.colcon_core.package_identification:_identify(hardware-interface/hw-interface-pcb/src/Adafruit-VL530X/platform/src) by extensions ['python_setup_py']
[1.936s] Level 1:colcon.colcon_core.package_identification:_identify(hardware-interface/hw-interface-pcb/src/Adafruit-VL530X/platform/src) by extension 'python_setup_py'
[1.937s] Level 1:colcon.colcon_core.package_identification:_identify(install) by extensions ['ignore', 'ignore_ament_install']
[1.937s] Level 1:colcon.colcon_core.package_identification:_identify(install) by extension 'ignore'
[1.938s] Level 1:colcon.colcon_core.package_identification:_identify(install) ignored
[1.938s] Level 1:colcon.colcon_core.package_identification:_identify(log) by extensions ['ignore', 'ignore_ament_install']
[1.938s] Level 1:colcon.colcon_core.package_identification:_identify(log) by extension 'ignore'
[1.939s] Level 1:colcon.colcon_core.package_identification:_identify(log) ignored
[1.939s] Level 1:colcon.colcon_core.package_discovery:discover_packages(recursive) using defaults
[1.940s] Level 1:colcon.colcon_core.package_discovery:discover_packages(ignore) discover
[1.940s] Level 1:colcon.colcon_core.package_discovery:discover_packages(ignore) using defaults
[1.940s] Level 1:colcon.colcon_core.package_discovery:discover_packages(path) discover
[1.940s] Level 1:colcon.colcon_core.package_discovery:discover_packages(path) using defaults
[2.082s] Level 5:colcon.colcon_core.verb:set package 'Project' build argument 'cmake_args' from command line to 'None'
[2.083s] Level 5:colcon.colcon_core.verb:set package 'Project' build argument 'cmake_target' from command line to 'None'
[2.083s] Level 5:colcon.colcon_core.verb:set package 'Project' build argument 'cmake_target_skip_unavailable' from command line to 'False'
[2.083s] Level 5:colcon.colcon_core.verb:set package 'Project' build argument 'cmake_clean_cache' from command line to 'False'
[2.083s] Level 5:colcon.colcon_core.verb:set package 'Project' build argument 'cmake_clean_first' from command line to 'False'
[2.083s] Level 5:colcon.colcon_core.verb:set package 'Project' build argument 'cmake_force_configure' from command line to 'False'
[2.084s] Level 5:colcon.colcon_core.verb:set package 'Project' build argument 'ament_cmake_args' from command line to 'None'
[2.084s] Level 5:colcon.colcon_core.verb:set package 'Project' build argument 'catkin_cmake_args' from command line to 'None'
[2.084s] Level 5:colcon.colcon_core.verb:set package 'Project' build argument 'catkin_skip_building_tests' from command line to 'False'
[2.084s] DEBUG:colcon.colcon_core.verb:Building package 'Project' with the following arguments: {'ament_cmake_args': None, 'build_base': '/home/reach-004/Documents/UNICORN-ROS2-CONTROLLER/build/Project', 'catkin_cmake_args': None, 'catkin_skip_building_tests': False, 'cmake_args': None, 'cmake_clean_cache': False, 'cmake_clean_first': False, 'cmake_force_configure': False, 'cmake_target': None, 'cmake_target_skip_unavailable': False, 'install_base': '/home/reach-004/Documents/UNICORN-ROS2-CONTROLLER/install/Project', 'merge_install': False, 'path': '/home/reach-004/Documents/UNICORN-ROS2-CONTROLLER/catkin_ws/src', 'symlink_install': False, 'test_result_base': None}
[2.100s] Level 5:colcon.colcon_core.verb:set package 'hrp_msgs' build argument 'cmake_args' from command line to 'None'
[2.100s] Level 5:colcon.colcon_core.verb:set package 'hrp_msgs' build argument 'cmake_target' from command line to 'None'
[2.100s] Level 5:colcon.colcon_core.verb:set package 'hrp_msgs' build argument 'cmake_target_skip_unavailable' from command line to 'False'
[2.100s] Level 5:colcon.colcon_core.verb:set package 'hrp_msgs' build argument 'cmake_clean_cache' from command line to 'False'
[2.100s] Level 5:colcon.colcon_core.verb:set package 'hrp_msgs' build argument 'cmake_clean_first' from command line to 'False'
[2.101s] Level 5:colcon.colcon_core.verb:set package 'hrp_msgs' build argument 'cmake_force_configure' from command line to 'False'
[2.101s] Level 5:colcon.colcon_core.verb:set package 'hrp_msgs' build argument 'ament_cmake_args' from command line to 'None'
[2.101s] Level 5:colcon.colcon_core.verb:set package 'hrp_msgs' build argument 'catkin_cmake_args' from command line to 'None'
[2.101s] Level 5:colcon.colcon_core.verb:set package 'hrp_msgs' build argument 'catkin_skip_building_tests' from command line to 'False'
[2.101s] DEBUG:colcon.colcon_core.verb:Building package 'hrp_msgs' with the following arguments: {'ament_cmake_args': None, 'build_base': '/home/reach-004/Documents/UNICORN-ROS2-CONTROLLER/build/hrp_msgs', 'catkin_cmake_args': None, 'catkin_skip_building_tests': False, 'cmake_args': None, 'cmake_clean_cache': False, 'cmake_clean_first': False, 'cmake_force_configure': False, 'cmake_target': None, 'cmake_target_skip_unavailable': False, 'install_base': '/home/reach-004/Documents/UNICORN-ROS2-CONTROLLER/install/hrp_msgs', 'merge_install': False, 'path': '/home/reach-004/Documents/UNICORN-ROS2-CONTROLLER/colcon_ws/src/hrp_msgs', 'symlink_install': False, 'test_result_base': None}
[2.116s] Level 5:colcon.colcon_core.verb:set package 'hw_controller' build argument 'cmake_args' from command line to 'None'
[2.116s] Level 5:colcon.colcon_core.verb:set package 'hw_controller' build argument 'cmake_target' from command line to 'None'
[2.116s] Level 5:colcon.colcon_core.verb:set package 'hw_controller' build argument 'cmake_target_skip_unavailable' from command line to 'False'
[2.117s] Level 5:colcon.colcon_core.verb:set package 'hw_controller' build argument 'cmake_clean_cache' from command line to 'False'
[2.117s] Level 5:colcon.colcon_core.verb:set package 'hw_controller' build argument 'cmake_clean_first' from command line to 'False'
[2.117s] Level 5:colcon.colcon_core.verb:set package 'hw_controller' build argument 'cmake_force_configure' from command line to 'False'
[2.117s] Level 5:colcon.colcon_core.verb:set package 'hw_controller' build argument 'ament_cmake_args' from command line to 'None'
[2.117s] Level 5:colcon.colcon_core.verb:set package 'hw_controller' build argument 'catkin_cmake_args' from command line to 'None'
[2.118s] Level 5:colcon.colcon_core.verb:set package 'hw_controller' build argument 'catkin_skip_building_tests' from command line to 'False'
[2.118s] DEBUG:colcon.colcon_core.verb:Building package 'hw_controller' with the following arguments: {'ament_cmake_args': None, 'build_base': '/home/reach-004/Documents/UNICORN-ROS2-CONTROLLER/build/hw_controller', 'catkin_cmake_args': None, 'catkin_skip_building_tests': False, 'cmake_args': None, 'cmake_clean_cache': False, 'cmake_clean_first': False, 'cmake_force_configure': False, 'cmake_target': None, 'cmake_target_skip_unavailable': False, 'install_base': '/home/reach-004/Documents/UNICORN-ROS2-CONTROLLER/install/hw_controller', 'merge_install': False, 'path': '/home/reach-004/Documents/UNICORN-ROS2-CONTROLLER/colcon_ws/src/hw_controller', 'symlink_install': False, 'test_result_base': None}
[2.132s] Level 5:colcon.colcon_core.verb:set package 'unicorn_hrp' build argument 'cmake_args' from command line to 'None'
[2.133s] Level 5:colcon.colcon_core.verb:set package 'unicorn_hrp' build argument 'cmake_target' from command line to 'None'
[2.133s] Level 5:colcon.colcon_core.verb:set package 'unicorn_hrp' build argument 'cmake_target_skip_unavailable' from command line to 'False'
[2.133s] Level 5:colcon.colcon_core.verb:set package 'unicorn_hrp' build argument 'cmake_clean_cache' from command line to 'False'
[2.133s] Level 5:colcon.colcon_core.verb:set package 'unicorn_hrp' build argument 'cmake_clean_first' from command line to 'False'
[2.133s] Level 5:colcon.colcon_core.verb:set package 'unicorn_hrp' build argument 'cmake_force_configure' from command line to 'False'
[2.134s] Level 5:colcon.colcon_core.verb:set package 'unicorn_hrp' build argument 'ament_cmake_args' from command line to 'None'
[2.134s] Level 5:colcon.colcon_core.verb:set package 'unicorn_hrp' build argument 'catkin_cmake_args' from command line to 'None'
[2.134s] Level 5:colcon.colcon_core.verb:set package 'unicorn_hrp' build argument 'catkin_skip_building_tests' from command line to 'False'
[2.134s] DEBUG:colcon.colcon_core.verb:Building package 'unicorn_hrp' with the following arguments: {'ament_cmake_args': None, 'build_base': '/home/reach-004/Documents/UNICORN-ROS2-CONTROLLER/build/unicorn_hrp', 'catkin_cmake_args': None, 'catkin_skip_building_tests': False, 'cmake_args': None, 'cmake_clean_cache': False, 'cmake_clean_first': False, 'cmake_force_configure': False, 'cmake_target': None, 'cmake_target_skip_unavailable': False, 'install_base': '/home/reach-004/Documents/UNICORN-ROS2-CONTROLLER/install/unicorn_hrp', 'merge_install': False, 'path': '/home/reach-004/Documents/UNICORN-ROS2-CONTROLLER/colcon_ws/src/unicorn_hrp', 'symlink_install': False, 'test_result_base': None}
[2.136s] INFO:colcon.colcon_core.executor:Executing jobs using 'parallel' executor
[2.146s] DEBUG:colcon.colcon_parallel_executor.executor.parallel:run_until_complete
[2.148s] INFO:colcon.colcon_ros.task.ament_cmake.build:Building ROS package in '/home/reach-004/Documents/UNICORN-ROS2-CONTROLLER/colcon_ws/src/hrp_msgs' with build type 'ament_cmake'
[2.149s] INFO:colcon.colcon_cmake.task.cmake.build:Building CMake package in '/home/reach-004/Documents/UNICORN-ROS2-CONTROLLER/colcon_ws/src/hrp_msgs'
[2.169s] INFO:colcon.colcon_core.plugin_system:Skipping extension 'colcon_core.shell.bat': Not used on non-Windows systems
[2.170s] INFO:colcon.colcon_core.shell:Skip shell extension 'powershell' for command environment: Not usable outside of PowerShell
[2.171s] DEBUG:colcon.colcon_core.shell:Skip shell extension 'dsv' for command environment
[2.185s] DEBUG:colcon.colcon_core.shell:Ignoring prefix path '/opt/ros/eloquent'
[2.186s] DEBUG:colcon.colcon_core.shell:Ignoring prefix path '/opt/ros/melodic'
[2.196s] INFO:colcon.colcon_cmake.task.cmake.build:Building CMake package in '/home/reach-004/Documents/UNICORN-ROS2-CONTROLLER/catkin_ws/src'
[2.204s] INFO:colcon.colcon_core.shell:Skip shell extension 'powershell' for command environment: Not usable outside of PowerShell
[2.205s] DEBUG:colcon.colcon_core.shell:Skip shell extension 'dsv' for command environment
[2.217s] DEBUG:colcon.colcon_core.shell:Ignoring prefix path '/opt/ros/eloquent'
[2.217s] DEBUG:colcon.colcon_core.shell:Ignoring prefix path '/opt/ros/melodic'
[2.249s] DEBUG:colcon.colcon_core.event_handler.log_command:Invoking command in '/home/reach-004/Documents/UNICORN-ROS2-CONTROLLER/build/hrp_msgs': CMAKE_PREFIX_PATH=/home/reach-004/Documents/UNICORN-ROS2-CONTROLLER/colcon_ws/install/hrp_msgs:/home/reach-004/Documents/UNICORN-ROS2-CONTROLLER/colcon_ws/install/unicorn_hrp:/home/reach-004/Documents/UNICORN-ROS2-CONTROLLER/colcon_ws/install/hw_controller:/opt/ros/eloquent:/opt/ros/melodic /usr/bin/cmake /home/reach-004/Documents/UNICORN-ROS2-CONTROLLER/colcon_ws/src/hrp_msgs -DCMAKE_INSTALL_PREFIX=/home/reach-004/Documents/UNICORN-ROS2-CONTROLLER/install/hrp_msgs
[2.285s] DEBUG:colcon.colcon_core.event_handler.log_command:Invoking command in '/home/reach-004/Documents/UNICORN-ROS2-CONTROLLER/build/Project': /usr/bin/cmake /home/reach-004/Documents/UNICORN-ROS2-CONTROLLER/catkin_ws/src -DCMAKE_INSTALL_PREFIX=/home/reach-004/Documents/UNICORN-ROS2-CONTROLLER/install/Project
[10.893s] DEBUG:colcon.colcon_core.event_handler.log_command:Invoked command in '/home/reach-004/Documents/UNICORN-ROS2-CONTROLLER/build/Project' returned '1': /usr/bin/cmake /home/reach-004/Documents/UNICORN-ROS2-CONTROLLER/catkin_ws/src -DCMAKE_INSTALL_PREFIX=/home/reach-004/Documents/UNICORN-ROS2-CONTROLLER/install/Project
[11.160s] DEBUG:colcon.colcon_parallel_executor.executor.parallel:closing loop
[11.162s] DEBUG:colcon.colcon_parallel_executor.executor.parallel:loop closed
[11.163s] DEBUG:colcon.colcon_parallel_executor.executor.parallel:run_until_complete finished with '1'
[11.163s] DEBUG:colcon.colcon_core.event_reactor:joining thread
[11.196s] INFO:colcon.colcon_core.plugin_system:Skipping extension 'colcon_notification.desktop_notification.terminal_notifier': Not used on non-Darwin systems
[11.196s] INFO:colcon.colcon_core.plugin_system:Skipping extension 'colcon_notification.desktop_notification.win32': Not used on non-Windows systems
[11.196s] INFO:colcon.colcon_notification.desktop_notification:Sending desktop notification using 'notify2'
[11.258s] DEBUG:colcon.colcon_notification.desktop_notification.notify2:Failed to initialize notify2: org.freedesktop.DBus.Error.Spawn.ChildExited: Process org.freedesktop.Notifications exited with status 1
[11.258s] DEBUG:colcon.colcon_core.event_reactor:joined thread
[11.262s] INFO:colcon.colcon_core.shell:Creating prefix script '/home/reach-004/Documents/UNICORN-ROS2-CONTROLLER/install/local_setup.ps1'
[11.269s] INFO:colcon.colcon_core.shell:Creating prefix util module '/home/reach-004/Documents/UNICORN-ROS2-CONTROLLER/install/_local_setup_util_ps1.py'
[11.276s] INFO:colcon.colcon_core.shell:Creating prefix chain script '/home/reach-004/Documents/UNICORN-ROS2-CONTROLLER/install/setup.ps1'
[11.290s] INFO:colcon.colcon_core.shell:Creating prefix script '/home/reach-004/Documents/UNICORN-ROS2-CONTROLLER/install/local_setup.sh'
[11.293s] INFO:colcon.colcon_core.shell:Creating prefix util module '/home/reach-004/Documents/UNICORN-ROS2-CONTROLLER/install/_local_setup_util_sh.py'
[11.295s] INFO:colcon.colcon_core.shell:Creating prefix chain script '/home/reach-004/Documents/UNICORN-ROS2-CONTROLLER/install/setup.sh'
[11.309s] INFO:colcon.colcon_core.shell:Creating prefix script '/home/reach-004/Documents/UNICORN-ROS2-CONTROLLER/install/local_setup.bash'
[11.312s] INFO:colcon.colcon_core.shell:Creating prefix chain script '/home/reach-004/Documents/UNICORN-ROS2-CONTROLLER/install/setup.bash'
[11.324s] INFO:colcon.colcon_core.shell:Creating prefix script '/home/reach-004/Documents/UNICORN-ROS2-CONTROLLER/install/local_setup.zsh'
[11.326s] INFO:colcon.colcon_core.shell:Creating prefix chain script '/home/reach-004/Documents/UNICORN-ROS2-CONTROLLER/install/setup.zsh'
