[0.097s] Invoking command in '/home/reach-004/Documents/UNICORN-ROS2-CONTROLLER/build/hrp_msgs': CMAKE_PREFIX_PATH=/home/reach-004/Documents/UNICORN-ROS2-CONTROLLER/colcon_ws/install/hrp_msgs:/home/reach-004/Documents/UNICORN-ROS2-CONTROLLER/colcon_ws/install/unicorn_hrp:/home/reach-004/Documents/UNICORN-ROS2-CONTROLLER/colcon_ws/install/hw_controller:/opt/ros/eloquent:/opt/ros/melodic /usr/bin/cmake /home/reach-004/Documents/UNICORN-ROS2-CONTROLLER/colcon_ws/src/hrp_msgs -DCMAKE_INSTALL_PREFIX=/home/reach-004/Documents/UNICORN-ROS2-CONTROLLER/install/hrp_msgs
[0.460s] -- The C compiler identification is GNU 7.5.0
[0.758s] -- The CXX compiler identification is GNU 7.5.0
[0.779s] -- Check for working C compiler: /usr/bin/cc
[1.058s] -- Check for working C compiler: /usr/bin/cc -- works
[1.062s] -- Detecting C compiler ABI info
[1.340s] -- Detecting C compiler ABI info - done
[1.373s] -- Detecting C compile features
[2.189s] -- Detecting C compile features - done
[2.203s] -- Check for working CXX compiler: /usr/bin/c++
[2.512s] -- Check for working CXX compiler: /usr/bin/c++ -- works
[2.516s] -- Detecting CXX compiler ABI info
[2.821s] -- Detecting CXX compiler ABI info - done
[2.854s] -- Detecting CXX compile features
[4.166s] -- Detecting CXX compile features - done
[4.178s] -- Found ament_cmake: 0.8.3 (/opt/ros/eloquent/share/ament_cmake/cmake)
[4.314s] -- Found PythonInterp: /usr/bin/python3 (found suitable version "3.6.9", minimum required is "3") 
[4.315s] -- Using PYTHON_EXECUTABLE: /usr/bin/python3
[5.416s] -- Found std_msgs: 0.8.1 (/opt/ros/eloquent/share/std_msgs/cmake)
[5.496s] -- Found rosidl_adapter: 0.8.3 (/opt/ros/eloquent/share/rosidl_adapter/cmake)
[5.735s] -- Found rosidl_default_generators: 0.8.0 (/opt/ros/eloquent/share/rosidl_default_generators/cmake)
[6.089s] -- Found OpenSSL: /usr/lib/aarch64-linux-gnu/libcrypto.so (found version "1.1.1") 
[6.184s] -- Found FastRTPS: /opt/ros/eloquent/include  
[6.598s] -- Found PythonInterp: /usr/bin/python3 (found version "3.6.9") 
[7.276s] -- Using single matching rosidl_typesupport_c: rosidl_typesupport_fastrtps_c
[7.311s] -- Using single matching rosidl_typesupport_cpp: rosidl_typesupport_fastrtps_cpp
[7.718s] -- Found rmw_implementation_cmake: 0.8.1 (/opt/ros/eloquent/share/rmw_implementation_cmake/cmake)
[7.836s] -- Found PythonInterp: /usr/bin/python3 (found suitable version "3.6.9", minimum required is "3.5") 
[7.842s] -- Found python_cmake_module: 0.8.0 (/opt/ros/eloquent/share/python_cmake_module/cmake)
[7.971s] -- Found PythonLibs: /usr/lib/aarch64-linux-gnu/libpython3.6m.so (found suitable version "3.6.9", minimum required is "3.5") 
[7.972s] -- Using PYTHON_EXECUTABLE: /usr/bin/python3
[7.973s] -- Using PYTHON_INCLUDE_DIRS: /usr/include/python3.6m
[7.973s] -- Using PYTHON_LIBRARIES: /usr/lib/aarch64-linux-gnu/libpython3.6m.so
[8.081s] -- Found PythonExtra: .so  
[8.583s] -- Found ament_lint_auto: 0.8.2 (/opt/ros/eloquent/share/ament_lint_auto/cmake)
[8.664s] -- Added test 'lint_cmake' to check CMake code style
[8.675s] -- Added test 'xmllint' to check XML markup files
[8.686s] -- Configuring done
[8.967s] -- Generating done
[8.985s] -- Build files have been written to: /home/reach-004/Documents/UNICORN-ROS2-CONTROLLER/build/hrp_msgs
