[35m[1mScanning dependencies of target hrp_msgs__cpp[0m
[  2%] [34m[1mGenerating C code for ROS interfaces[0m
[  5%] [34m[1mGenerating C++ code for ROS interfaces[0m
[  5%] Built target hrp_msgs__cpp
[  8%] [34m[1mGenerating C++ type support for eProsima Fast-RTPS[0m
[ 10%] [34m[1mGenerating C++ introspection for ROS interfaces[0m
[35m[1mScanning dependencies of target hrp_msgs__rosidl_generator_c[0m
[ 13%] [32mBuilding C object CMakeFiles/hrp_msgs__rosidl_generator_c.dir/rosidl_generator_c/hrp_msgs/msg/hrp_move__functions.c.o[0m
[ 16%] [32mBuilding C object CMakeFiles/hrp_msgs__rosidl_generator_c.dir/rosidl_generator_c/hrp_msgs/msg/hrp_measurement_sensor__functions.c.o[0m
[ 18%] [32m[1mLinking C shared library libhrp_msgs__rosidl_generator_c.so[0m
[ 18%] Built target hrp_msgs__rosidl_generator_c
[ 21%] [34m[1mGenerating C introspection for ROS interfaces[0m
[35m[1mScanning dependencies of target hrp_msgs__rosidl_typesupport_introspection_cpp[0m
[35m[1mScanning dependencies of target hrp_msgs__rosidl_typesupport_fastrtps_cpp[0m
[ 24%] [32mBuilding CXX object CMakeFiles/hrp_msgs__rosidl_typesupport_introspection_cpp.dir/rosidl_typesupport_introspection_cpp/hrp_msgs/msg/hrp_move__type_support.cpp.o[0m
[ 27%] [32mBuilding CXX object CMakeFiles/hrp_msgs__rosidl_typesupport_introspection_cpp.dir/rosidl_typesupport_introspection_cpp/hrp_msgs/msg/hrp_measurement_sensor__type_support.cpp.o[0m
[ 29%] [32mBuilding CXX object CMakeFiles/hrp_msgs__rosidl_typesupport_fastrtps_cpp.dir/rosidl_typesupport_fastrtps_cpp/hrp_msgs/msg/dds_fastrtps/hrp_measurement_sensor__type_support.cpp.o[0m
[ 32%] [32mBuilding CXX object CMakeFiles/hrp_msgs__rosidl_typesupport_fastrtps_cpp.dir/rosidl_typesupport_fastrtps_cpp/hrp_msgs/msg/dds_fastrtps/hrp_move__type_support.cpp.o[0m
[35m[1mScanning dependencies of target hrp_msgs__rosidl_typesupport_introspection_c[0m
[ 37%] [32mBuilding C object CMakeFiles/hrp_msgs__rosidl_typesupport_introspection_c.dir/rosidl_typesupport_introspection_c/hrp_msgs/msg/hrp_move__type_support.c.o[0m
[ 37%] [32mBuilding C object CMakeFiles/hrp_msgs__rosidl_typesupport_introspection_c.dir/rosidl_typesupport_introspection_c/hrp_msgs/msg/hrp_measurement_sensor__type_support.c.o[0m
[ 40%] [32m[1mLinking C shared library libhrp_msgs__rosidl_typesupport_introspection_c.so[0m
[ 40%] Built target hrp_msgs__rosidl_typesupport_introspection_c
[ 43%] [32m[1mLinking CXX shared library libhrp_msgs__rosidl_typesupport_introspection_cpp.so[0m
[ 43%] Built target hrp_msgs__rosidl_typesupport_introspection_cpp
[ 45%] [32m[1mLinking CXX shared library libhrp_msgs__rosidl_typesupport_fastrtps_cpp.so[0m
[ 45%] Built target hrp_msgs__rosidl_typesupport_fastrtps_cpp
[ 48%] [34m[1mGenerating C type support for eProsima Fast-RTPS[0m
[ 51%] [34m[1mGenerating C++ type support dispatch for ROS interfaces[0m
[35m[1mScanning dependencies of target hrp_msgs__rosidl_typesupport_cpp[0m
[ 54%] [32mBuilding CXX object CMakeFiles/hrp_msgs__rosidl_typesupport_cpp.dir/rosidl_typesupport_cpp/hrp_msgs/msg/hrp_move__type_support.cpp.o[0m
[ 56%] [32mBuilding CXX object CMakeFiles/hrp_msgs__rosidl_typesupport_cpp.dir/rosidl_typesupport_cpp/hrp_msgs/msg/hrp_measurement_sensor__type_support.cpp.o[0m
[35m[1mScanning dependencies of target hrp_msgs__rosidl_typesupport_fastrtps_c[0m
[ 59%] [32mBuilding CXX object CMakeFiles/hrp_msgs__rosidl_typesupport_fastrtps_c.dir/rosidl_typesupport_fastrtps_c/hrp_msgs/msg/hrp_measurement_sensor__type_support_c.cpp.o[0m
[ 62%] [32mBuilding CXX object CMakeFiles/hrp_msgs__rosidl_typesupport_fastrtps_c.dir/rosidl_typesupport_fastrtps_c/hrp_msgs/msg/hrp_move__type_support_c.cpp.o[0m
[ 64%] [32m[1mLinking CXX shared library libhrp_msgs__rosidl_typesupport_fastrtps_c.so[0m
[ 67%] [32m[1mLinking CXX shared library libhrp_msgs__rosidl_typesupport_cpp.so[0m
[ 67%] Built target hrp_msgs__rosidl_typesupport_fastrtps_c
[ 67%] Built target hrp_msgs__rosidl_typesupport_cpp
[ 70%] [34m[1mGenerating C type support dispatch for ROS interfaces[0m
[35m[1mScanning dependencies of target hrp_msgs__rosidl_typesupport_c[0m
[ 72%] [32mBuilding CXX object CMakeFiles/hrp_msgs__rosidl_typesupport_c.dir/rosidl_typesupport_c/hrp_msgs/msg/hrp_move__type_support.cpp.o[0m
[ 75%] [32mBuilding CXX object CMakeFiles/hrp_msgs__rosidl_typesupport_c.dir/rosidl_typesupport_c/hrp_msgs/msg/hrp_measurement_sensor__type_support.cpp.o[0m
[ 78%] [32m[1mLinking CXX shared library libhrp_msgs__rosidl_typesupport_c.so[0m
[ 78%] Built target hrp_msgs__rosidl_typesupport_c
[35m[1mScanning dependencies of target hrp_msgs[0m
[ 78%] Built target hrp_msgs
[35m[1mScanning dependencies of target hrp_msgs__py[0m
[ 81%] [34m[1mGenerating Python code for ROS interfaces[0m
[ 81%] Built target hrp_msgs__py
[35m[1mScanning dependencies of target hrp_msgs__python[0m
[ 86%] [32mBuilding C object CMakeFiles/hrp_msgs__python.dir/rosidl_generator_py/hrp_msgs/msg/_hrp_measurement_sensor_s.c.o[0m
[ 86%] [32mBuilding C object CMakeFiles/hrp_msgs__python.dir/rosidl_generator_py/hrp_msgs/msg/_hrp_move_s.c.o[0m
[ 89%] [32m[1mLinking CXX shared library rosidl_generator_py/hrp_msgs/libhrp_msgs__python.so[0m
[ 89%] Built target hrp_msgs__python
[35m[1mScanning dependencies of target hrp_msgs__rosidl_typesupport_c__pyext[0m
[35m[1mScanning dependencies of target hrp_msgs__rosidl_typesupport_fastrtps_c__pyext[0m
[ 91%] [32mBuilding C object CMakeFiles/hrp_msgs__rosidl_typesupport_fastrtps_c__pyext.dir/rosidl_generator_py/hrp_msgs/_hrp_msgs_s.ep.rosidl_typesupport_fastrtps_c.c.o[0m
[ 94%] [32mBuilding C object CMakeFiles/hrp_msgs__rosidl_typesupport_c__pyext.dir/rosidl_generator_py/hrp_msgs/_hrp_msgs_s.ep.rosidl_typesupport_c.c.o[0m
[ 97%] [32m[1mLinking CXX shared library rosidl_generator_py/hrp_msgs/hrp_msgs_s__rosidl_typesupport_c.cpython-36m-aarch64-linux-gnu.so[0m
[100%] [32m[1mLinking CXX shared library rosidl_generator_py/hrp_msgs/hrp_msgs_s__rosidl_typesupport_fastrtps_c.cpython-36m-aarch64-linux-gnu.so[0m
[100%] Built target hrp_msgs__rosidl_typesupport_c__pyext
[100%] Built target hrp_msgs__rosidl_typesupport_fastrtps_c__pyext
