-- Using CATKIN_DEVEL_PREFIX: /home/reach-004/Documents/UNICORN-ROS2-CONTROLLER/build/Project/devel
-- Using CMAKE_PREFIX_PATH: /home/reach-004/Documents/UNICORN-ROS2-CONTROLLER/colcon_ws/install/hrp_msgs;/opt/ros/melodic
-- This workspace overlays: /opt/ros/melodic
-- Found PythonInterp: /usr/bin/python3 (found suitable version "3.6.9", minimum required is "3") 
-- Using PYTHON_EXECUTABLE: /usr/bin/python3
-- Using Debian Python package layout
-- Using empy: /usr/bin/empy
-- Using CATKIN_ENABLE_TESTING: ON
-- Call enable_testing()
-- Using CATKIN_TEST_RESULTS_DIR: /home/reach-004/Documents/UNICORN-ROS2-CONTROLLER/build/Project/test_results
-- Found gtest sources under '/usr/src/googletest': gtests will be built
-- Found gmock sources under '/usr/src/googletest': gmock will be built
-- Found PythonInterp: /usr/bin/python3 (found version "3.6.9") 
-- Using Python nosetests: /usr/bin/nosetests
-- catkin 0.7.29
-- BUILD_SHARED_LIBS is on
Traceback (most recent call last):
  File "/home/reach-004/Documents/UNICORN-ROS2-CONTROLLER/build/Project/catkin_generated/generate_cached_setup.py", line 22, in <module>
    code = generate_environment_script('/home/reach-004/Documents/UNICORN-ROS2-CONTROLLER/build/Project/devel/env.sh')
  File "/opt/ros/melodic/lib/python2.7/dist-packages/catkin/environment_cache.py", line 63, in generate_environment_script
    env_after = ast.literal_eval(output.decode('utf8'))
  File "/usr/lib/python3.6/ast.py", line 48, in literal_eval
    node_or_string = parse(node_or_string, mode='eval')
  File "/usr/lib/python3.6/ast.py", line 35, in parse
    return compile(source, filename, mode, PyCF_ONLY_AST)
  File "<unknown>", line 1
    ROS_DISTRO was set to 'eloquent' before. Please make sure that the environment does not mix paths from different distributions.
                 ^
SyntaxError: invalid syntax
CMake Error at /opt/ros/melodic/share/catkin/cmake/safe_execute_process.cmake:11 (message):
  execute_process(/usr/bin/python3
  "/home/reach-004/Documents/UNICORN-ROS2-CONTROLLER/build/Project/catkin_generated/generate_cached_setup.py")
  returned error code 1
Call Stack (most recent call first):
  /opt/ros/melodic/share/catkin/cmake/all.cmake:208 (safe_execute_process)
  /opt/ros/melodic/share/catkin/cmake/catkinConfig.cmake:20 (include)
  CMakeLists.txt:58 (find_package)


-- Configuring incomplete, errors occurred!
See also "/home/reach-004/Documents/UNICORN-ROS2-CONTROLLER/build/Project/CMakeFiles/CMakeOutput.log".
See also "/home/reach-004/Documents/UNICORN-ROS2-CONTROLLER/build/Project/CMakeFiles/CMakeError.log".
