[0.094s] Invoking command in '/home/reach-004/Documents/UNICORN-ROS2-CONTROLLER/build/Project': /usr/bin/cmake /home/reach-004/Documents/UNICORN-ROS2-CONTROLLER/catkin_ws/src -DCMAKE_INSTALL_PREFIX=/home/reach-004/Documents/UNICORN-ROS2-CONTROLLER/install/Project
[1.155s] -- Using CATKIN_DEVEL_PREFIX: /home/reach-004/Documents/UNICORN-ROS2-CONTROLLER/build/Project/devel
[1.157s] -- Using CMAKE_PREFIX_PATH: /home/reach-004/Documents/UNICORN-ROS2-CONTROLLER/colcon_ws/install/hrp_msgs;/opt/ros/melodic
[1.158s] -- This workspace overlays: /opt/ros/melodic
[1.282s] -- Found PythonInterp: /usr/bin/python3 (found suitable version "3.6.9", minimum required is "3") 
[1.283s] -- Using PYTHON_EXECUTABLE: /usr/bin/python3
[1.284s] -- Using Debian Python package layout
[1.285s] -- Using empy: /usr/bin/empy
[1.984s] -- Using CATKIN_ENABLE_TESTING: ON
[1.985s] -- Call enable_testing()
[1.990s] -- Using CATKIN_TEST_RESULTS_DIR: /home/reach-004/Documents/UNICORN-ROS2-CONTROLLER/build/Project/test_results
[2.100s] -- Found gtest sources under '/usr/src/googletest': gtests will be built
[2.103s] -- Found gmock sources under '/usr/src/googletest': gmock will be built
[2.225s] -- Found PythonInterp: /usr/bin/python3 (found version "3.6.9") 
[2.257s] -- Using Python nosetests: /usr/bin/nosetests
[2.533s] -- catkin 0.7.29
[2.533s] -- BUILD_SHARED_LIBS is on
[3.534s] Traceback (most recent call last):
[3.535s]   File "/home/reach-004/Documents/UNICORN-ROS2-CONTROLLER/build/Project/catkin_generated/generate_cached_setup.py", line 22, in <module>
[3.536s]     code = generate_environment_script('/home/reach-004/Documents/UNICORN-ROS2-CONTROLLER/build/Project/devel/env.sh')
[3.536s]   File "/opt/ros/melodic/lib/python2.7/dist-packages/catkin/environment_cache.py", line 63, in generate_environment_script
[3.536s]     env_after = ast.literal_eval(output.decode('utf8'))
[3.537s]   File "/usr/lib/python3.6/ast.py", line 48, in literal_eval
[3.537s]     node_or_string = parse(node_or_string, mode='eval')
[3.537s]   File "/usr/lib/python3.6/ast.py", line 35, in parse
[3.538s]     return compile(source, filename, mode, PyCF_ONLY_AST)
[3.538s]   File "<unknown>", line 1
[3.539s]     ROS_DISTRO was set to 'eloquent' before. Please make sure that the environment does not mix paths from different distributions.
[3.541s]                  ^
[3.541s] SyntaxError: invalid syntax
[3.589s] CMake Error at /opt/ros/melodic/share/catkin/cmake/safe_execute_process.cmake:11 (message):
[3.590s]   execute_process(/usr/bin/python3
[3.590s]   "/home/reach-004/Documents/UNICORN-ROS2-CONTROLLER/build/Project/catkin_generated/generate_cached_setup.py")
[3.591s]   returned error code 1
[3.592s] Call Stack (most recent call first):
[3.593s]   /opt/ros/melodic/share/catkin/cmake/all.cmake:208 (safe_execute_process)
[3.593s]   /opt/ros/melodic/share/catkin/cmake/catkinConfig.cmake:20 (include)
[3.594s]   CMakeLists.txt:58 (find_package)
[3.594s] 
[3.595s] 
[3.596s] -- Configuring incomplete, errors occurred!
[3.596s] See also "/home/reach-004/Documents/UNICORN-ROS2-CONTROLLER/build/Project/CMakeFiles/CMakeOutput.log".
[3.597s] See also "/home/reach-004/Documents/UNICORN-ROS2-CONTROLLER/build/Project/CMakeFiles/CMakeError.log".
[3.622s] Invoked command in '/home/reach-004/Documents/UNICORN-ROS2-CONTROLLER/build/Project' returned '1': /usr/bin/cmake /home/reach-004/Documents/UNICORN-ROS2-CONTROLLER/catkin_ws/src -DCMAKE_INSTALL_PREFIX=/home/reach-004/Documents/UNICORN-ROS2-CONTROLLER/install/Project
